<?xml version="1.0" encoding="UTF-8"?>
<!-- Generated by org.testng.reporters.JUnitReportReporter -->
<testsuite skipped="0" hostname="edu5-PC" name="automation.Mavenproject.FramesTest" tests="1" failures="0" timestamp="10 Jul 2018 10:31:07 GMT" time="11.003" errors="0">
  <testcase name="frames" time="11.003" classname="automation.Mavenproject.FramesTest"/>
</testsuite> <!-- automation.Mavenproject.FramesTest -->
