<?xml version="1.0" encoding="UTF-8"?>
<!-- Generated by org.testng.reporters.JUnitReportReporter -->
<testsuite skipped="0" hostname="edu5-PC" name="automation.Mavenproject.DbconnectionTest" tests="1" failures="0" timestamp="30 Jun 2018 10:15:04 GMT" time="0.391" errors="0">
  <testcase name="dbinfo" time="0.391" classname="automation.Mavenproject.DbconnectionTest"/>
</testsuite> <!-- automation.Mavenproject.DbconnectionTest -->
