<?xml version="1.0" encoding="UTF-8"?>
<!-- Generated by org.testng.reporters.JUnitReportReporter -->
<testsuite skipped="0" hostname="edu5-PC" name="automation.Mavenproject.HeadlessTest" tests="1" failures="0" timestamp="12 Jul 2018 10:09:44 GMT" time="8.360" errors="0">
  <testcase name="headless" time="8.360" classname="automation.Mavenproject.HeadlessTest"/>
</testsuite> <!-- automation.Mavenproject.HeadlessTest -->
