<?xml version="1.0" encoding="UTF-8"?>
<!-- Generated by org.testng.reporters.JUnitReportReporter -->
<testsuite skipped="0" hostname="edu5-PC" name="automation.Mavenproject.AutoitTest" tests="1" failures="0" timestamp="26 Jun 2018 10:26:33 GMT" time="0.000" errors="0">
  <testcase name="f" time="0.000" classname="automation.Mavenproject.AutoitTest"/>
</testsuite> <!-- automation.Mavenproject.AutoitTest -->
