<?xml version="1.0" encoding="UTF-8"?>
<!-- Generated by org.testng.reporters.JUnitReportReporter -->
<testsuite skipped="0" hostname="edu5-PC" name="automation.Mavenproject.ScreenshotTest" tests="1" failures="0" timestamp="11 Jul 2018 11:19:56 GMT" time="22.626" errors="0">
  <testcase name="ss" time="22.626" classname="automation.Mavenproject.ScreenshotTest"/>
</testsuite> <!-- automation.Mavenproject.ScreenshotTest -->
