<?xml version="1.0" encoding="UTF-8"?>
<!-- Generated by org.testng.reporters.JUnitReportReporter -->
<testsuite skipped="0" hostname="edu5-PC" name="listeners.ListenerTest" tests="1" failures="0" timestamp="11 Jul 2018 10:41:47 GMT" time="22.236" errors="0">
  <testcase name="login" time="22.236" classname="listeners.ListenerTest"/>
</testsuite> <!-- listeners.ListenerTest -->
