<?xml version="1.0" encoding="UTF-8"?>
<!-- Generated by org.testng.reporters.JUnitReportReporter -->
<testsuite skipped="0" hostname="edu5-PC" name="testng.Sammple2Test" tests="1" failures="0" timestamp="15 Jun 2018 10:53:00 GMT" time="0.007" errors="0">
  <testcase name="f" time="0.007" classname="testng.Sammple2Test"/>
</testsuite> <!-- testng.Sammple2Test -->
