<?xml version="1.0" encoding="UTF-8"?>
<!-- Generated by org.testng.reporters.JUnitReportReporter -->
<testsuite skipped="1" hostname="edu5-PC" name="testng.SampleTest" tests="2" failures="0" timestamp="15 Jun 2018 10:53:00 GMT" time="0.009" errors="0">
  <testcase name="bvamsi" time="0.009" classname="testng.SampleTest"/>
  <testcase name="ahi" classname="testng.SampleTest">
    <skipped/>
  </testcase> <!-- ahi -->
</testsuite> <!-- testng.SampleTest -->
