<?xml version="1.0" encoding="UTF-8"?>
<!-- Generated by org.testng.reporters.JUnitReportReporter -->
<testsuite skipped="0" hostname="edu5-PC" name="login.LoginTest" tests="1" failures="0" timestamp="21 Jun 2018 10:05:25 GMT" time="0.010" errors="0">
  <testcase name="f" time="0.010" classname="login.LoginTest"/>
</testsuite> <!-- login.LoginTest -->
